---------------------------------------------------------------
[ 2018-01-06T03:19:25+08:00 ] 172.18.205.220 187.180.19.187 GET /cgi/common.cgi
[ info ] 119.23.233.18/cgi/common.cgi [运行时间：0.001908s][吞吐率：524.09req/s] [内存消耗：234.76kb] [文件加载：53]
[ info ] [ BEHAVIOR ] Run Closure @app_init [ RunTime:0.000016s ]
[ info ] [ CACHE ] INIT File
[ info ] [ BEHAVIOR ] Run Closure @app_init [ RunTime:0.000267s ]
[ info ] [ LANG ] /data/demo/thinkphp/lang/zh-cn.php
[ info ] [ ROUTE ] array (
  'type' => 'module',
  'module' => 
  array (
    0 => 'cgi',
    1 => 'common.cgi',
    2 => NULL,
  ),
)
[ info ] [ HEADER ] array (
  'user-agent' => 'Wget(linux)',
  'host' => '119.23.233.18',
  'accept' => '*/*',
  'content-type' => '',
  'content-length' => '',
)
[ info ] [ PARAM ] array (
)
[ info ] [ LOG ] INIT File
---------------------------------------------------------------
[ 2018-01-06T05:11:58+08:00 ] 172.18.205.220 45.76.110.121 HEAD /wwwroot.zip
[ info ] 119.23.233.18/wwwroot.zip [运行时间：0.001799s][吞吐率：555.91req/s] [内存消耗：233.73kb] [文件加载：53]
[ info ] [ BEHAVIOR ] Run Closure @app_init [ RunTime:0.000017s ]
[ info ] [ CACHE ] INIT File
[ info ] [ BEHAVIOR ] Run Closure @app_init [ RunTime:0.000246s ]
[ info ] [ LANG ] /data/demo/thinkphp/lang/zh-cn.php
[ info ] [ ROUTE ] array (
  'type' => 'module',
  'module' => 
  array (
    0 => 'wwwroot.zip',
    1 => NULL,
    2 => NULL,
  ),
)
[ info ] [ HEADER ] array (
  'user-agent' => 'Mozilla/5.0 (Macintosh; Intel Mac OS X 10.13; rv:58.0) Gecko/20100101 Firefox/58.0',
  'host' => '119.23.233.18',
  'content-type' => '',
  'content-length' => '',
)
[ info ] [ PARAM ] array (
)
[ info ] [ LOG ] INIT File
---------------------------------------------------------------
[ 2018-01-06T06:12:31+08:00 ] 172.18.205.220 95.215.62.137 GET /muieblackcat
[ info ] 119.23.233.18/muieblackcat [运行时间：0.002027s][吞吐率：493.33req/s] [内存消耗：225.94kb] [文件加载：52]
[ info ] [ BEHAVIOR ] Run Closure @app_init [ RunTime:0.000019s ]
[ info ] [ CACHE ] INIT File
[ info ] [ BEHAVIOR ] Run Closure @app_init [ RunTime:0.000266s ]
[ info ] [ ROUTE ] array (
  'type' => 'module',
  'module' => 
  array (
    0 => 'muieblackcat',
    1 => NULL,
    2 => NULL,
  ),
)
[ info ] [ HEADER ] array (
  'connection' => 'Close',
  'host' => '119.23.233.18',
  'accept-encoding' => 'gzip, deflate',
  'accept-language' => 'en-us',
  'accept' => '*/*',
  'content-type' => '',
  'content-length' => '',
)
[ info ] [ PARAM ] array (
)
[ info ] [ LOG ] INIT File
---------------------------------------------------------------
[ 2018-01-06T14:50:22+08:00 ] 172.18.205.220 106.120.160.119 GET /index/show
[ info ] 119.23.233.18/index/show [运行时间：0.002430s][吞吐率：411.53req/s] [内存消耗：348.69kb] [文件加载：63]
[ info ] [ BEHAVIOR ] Run Closure @app_init [ RunTime:0.000019s ]
[ info ] [ CACHE ] INIT File
[ info ] [ BEHAVIOR ] Run Closure @app_init [ RunTime:0.000289s ]
[ info ] [ LANG ] /data/demo/thinkphp/lang/zh-cn.php
[ info ] [ ROUTE ] array (
  'type' => 'module',
  'module' => 
  array (
    0 => 'index',
    1 => 'show',
    2 => NULL,
  ),
)
[ info ] [ HEADER ] array (
  'user-agent' => 'Mozilla/4.0 (compatible; MSIE 8.0; Windows NT 6.1; Trident/4.0; SLCC2; .NET CLR 2.0.50727; .NET CLR 3.5.30729; .NET CLR 3.0.30729; Media Center PC 6.0; Tablet PC 2.0)',
  'connection' => 'close',
  'accept-language' => 'zh-CN,zh;q=0.8',
  'host' => '119.23.233.18',
  'referer' => 'http://119.23.233.18/index/show',
  'accept-encoding' => 'identity',
  'content-type' => '',
  'content-length' => '',
)
[ info ] [ PARAM ] array (
)
[ info ] [ LANG ] /data/demo/public/../application/index/lang/zh-cn.php
[ info ] [ BEHAVIOR ] Run app\common\behavior\Common @module_init [ RunTime:0.000072s ]
[ info ] [ RUN ] app\index\controller\Show->index[ /data/demo/application/index/controller/Show.php ]
[ info ] [ VIEW ] /data/demo/public/../application/index/view/show/index.html [ array (
  0 => 'site',
  1 => 'config',
) ]
[ info ] [ LOG ] INIT File
---------------------------------------------------------------
[ 2018-01-06T15:47:45+08:00 ] 172.18.205.220 61.141.74.185 GET /
[ info ] 119.23.233.18/ [运行时间：0.019650s][吞吐率：50.89req/s] [内存消耗：449.15kb] [文件加载：66]
[ info ] [ BEHAVIOR ] Run Closure @app_init [ RunTime:0.000022s ]
[ info ] [ CACHE ] INIT File
[ info ] [ BEHAVIOR ] Run Closure @app_init [ RunTime:0.000351s ]
[ info ] [ LANG ] /data/demo/thinkphp/lang/zh-cn.php
[ info ] [ ROUTE ] array (
  'type' => 'module',
  'module' => 
  array (
    0 => '',
    1 => NULL,
    2 => NULL,
  ),
)
[ info ] [ HEADER ] array (
  'cookie' => 'Hm_lvt_f8d0a8c400404989e195270b0bbf060a=1514864804,1515052090',
  'accept-language' => 'zh-CN,zh;q=0.8',
  'accept-encoding' => 'gzip, deflate, sdch',
  'accept' => 'text/html,application/xhtml+xml,application/xml;q=0.9,image/webp,*/*;q=0.8',
  'user-agent' => 'Mozilla/5.0 (Windows NT 6.1; WOW64) AppleWebKit/537.36 (KHTML, like Gecko) Chrome/55.0.2883.75 Safari/537.36',
  'upgrade-insecure-requests' => '1',
  'cache-control' => 'max-age=0',
  'connection' => 'keep-alive',
  'host' => '119.23.233.18',
  'content-type' => '',
  'content-length' => '',
)
[ info ] [ PARAM ] array (
)
[ info ] [ LANG ] /data/demo/public/../application/index/lang/zh-cn.php
[ info ] [ BEHAVIOR ] Run app\common\behavior\Common @module_init [ RunTime:0.000341s ]
[ info ] [ LANG ] /data/demo/public/../application/index/lang/zh-cn/index.php
[ info ] [ RUN ] app\index\controller\Index->index[ /data/demo/application/index/controller/Index.php ]
[ info ] [ VIEW ] /data/demo/public/../application/index/view/index/index.html [ array (
  0 => 'site',
  1 => 'config',
) ]
[ info ] [ LOG ] INIT File
---------------------------------------------------------------
[ 2018-01-06T15:48:01+08:00 ] 172.18.205.220 61.141.74.185 GET /Show
[ info ] 119.23.233.18/Show [运行时间：0.002448s][吞吐率：408.52req/s] [内存消耗：238.13kb] [文件加载：53]
[ info ] [ BEHAVIOR ] Run Closure @app_init [ RunTime:0.000020s ]
[ info ] [ CACHE ] INIT File
[ info ] [ BEHAVIOR ] Run Closure @app_init [ RunTime:0.000275s ]
[ info ] [ LANG ] /data/demo/thinkphp/lang/zh-cn.php
[ info ] [ ROUTE ] array (
  'type' => 'module',
  'module' => 
  array (
    0 => 'Show',
    1 => NULL,
    2 => NULL,
  ),
)
[ info ] [ HEADER ] array (
  'cookie' => 'Hm_lvt_f8d0a8c400404989e195270b0bbf060a=1514864804,1515052090,1515224818; Hm_lpvt_f8d0a8c400404989e195270b0bbf060a=1515224818',
  'accept-language' => 'zh-CN,zh;q=0.8',
  'accept-encoding' => 'gzip, deflate, sdch',
  'accept' => 'text/html,application/xhtml+xml,application/xml;q=0.9,image/webp,*/*;q=0.8',
  'user-agent' => 'Mozilla/5.0 (Windows NT 6.1; WOW64) AppleWebKit/537.36 (KHTML, like Gecko) Chrome/55.0.2883.75 Safari/537.36',
  'upgrade-insecure-requests' => '1',
  'connection' => 'keep-alive',
  'host' => '119.23.233.18',
  'content-type' => '',
  'content-length' => '',
)
[ info ] [ PARAM ] array (
)
[ info ] [ LOG ] INIT File
---------------------------------------------------------------
[ 2018-01-06T15:48:08+08:00 ] 172.18.205.220 61.141.74.185 GET /index/show
[ info ] 119.23.233.18/index/show [运行时间：0.003988s][吞吐率：250.75req/s] [内存消耗：393.48kb] [文件加载：65]
[ info ] [ BEHAVIOR ] Run Closure @app_init [ RunTime:0.000020s ]
[ info ] [ CACHE ] INIT File
[ info ] [ BEHAVIOR ] Run Closure @app_init [ RunTime:0.000285s ]
[ info ] [ LANG ] /data/demo/thinkphp/lang/zh-cn.php
[ info ] [ ROUTE ] array (
  'type' => 'module',
  'module' => 
  array (
    0 => 'index',
    1 => 'show',
    2 => NULL,
  ),
)
[ info ] [ HEADER ] array (
  'cookie' => 'Hm_lvt_f8d0a8c400404989e195270b0bbf060a=1514864804,1515052090,1515224818; Hm_lpvt_f8d0a8c400404989e195270b0bbf060a=1515224818',
  'accept-language' => 'zh-CN,zh;q=0.8',
  'accept-encoding' => 'gzip, deflate, sdch',
  'accept' => 'text/html,application/xhtml+xml,application/xml;q=0.9,image/webp,*/*;q=0.8',
  'user-agent' => 'Mozilla/5.0 (Windows NT 6.1; WOW64) AppleWebKit/537.36 (KHTML, like Gecko) Chrome/55.0.2883.75 Safari/537.36',
  'upgrade-insecure-requests' => '1',
  'connection' => 'keep-alive',
  'host' => '119.23.233.18',
  'content-type' => '',
  'content-length' => '',
)
[ info ] [ PARAM ] array (
)
[ info ] [ LANG ] /data/demo/public/../application/index/lang/zh-cn.php
[ info ] [ BEHAVIOR ] Run app\common\behavior\Common @module_init [ RunTime:0.000061s ]
[ info ] [ RUN ] app\index\controller\Show->index[ /data/demo/application/index/controller/Show.php ]
[ info ] [ VIEW ] /data/demo/public/../application/index/view/show/index.html [ array (
  0 => 'site',
  1 => 'config',
) ]
[ info ] [ LOG ] INIT File
---------------------------------------------------------------
[ 2018-01-06T15:48:08+08:00 ] 172.18.205.220 61.141.74.185 GET /heizi/css/tt7.woff
[ info ] 119.23.233.18/heizi/css/tt7.woff [运行时间：0.002125s][吞吐率：470.58req/s] [内存消耗：237.05kb] [文件加载：53]
[ info ] [ BEHAVIOR ] Run Closure @app_init [ RunTime:0.000020s ]
[ info ] [ CACHE ] INIT File
[ info ] [ BEHAVIOR ] Run Closure @app_init [ RunTime:0.000254s ]
[ info ] [ LANG ] /data/demo/thinkphp/lang/zh-cn.php
[ info ] [ ROUTE ] array (
  'type' => 'module',
  'module' => 
  array (
    0 => 'heizi',
    1 => 'css',
    2 => 'tt7.woff',
  ),
)
[ info ] [ HEADER ] array (
  'cookie' => 'Hm_lvt_f8d0a8c400404989e195270b0bbf060a=1514864804,1515052090,1515224818; Hm_lpvt_f8d0a8c400404989e195270b0bbf060a=1515224818',
  'accept-language' => 'zh-CN,zh;q=0.8',
  'accept-encoding' => 'gzip, deflate, sdch',
  'referer' => 'http://119.23.233.18/heizi/css/style.css',
  'accept' => '*/*',
  'origin' => 'http://119.23.233.18',
  'user-agent' => 'Mozilla/5.0 (Windows NT 6.1; WOW64) AppleWebKit/537.36 (KHTML, like Gecko) Chrome/55.0.2883.75 Safari/537.36',
  'connection' => 'keep-alive',
  'host' => '119.23.233.18',
  'content-type' => '',
  'content-length' => '',
)
[ info ] [ PARAM ] array (
)
[ info ] [ LOG ] INIT File
---------------------------------------------------------------
[ 2018-01-06T15:51:43+08:00 ] 172.18.205.220 140.205.201.46 GET /phpmyadmin/
[ info ] 119.23.233.18:80/phpmyadmin/ [运行时间：0.002618s][吞吐率：381.99req/s] [内存消耗：235.09kb] [文件加载：53]
[ info ] [ BEHAVIOR ] Run Closure @app_init [ RunTime:0.000022s ]
[ info ] [ CACHE ] INIT File
[ info ] [ BEHAVIOR ] Run Closure @app_init [ RunTime:0.000308s ]
[ info ] [ LANG ] /data/demo/thinkphp/lang/zh-cn.php
[ info ] [ ROUTE ] array (
  'type' => 'module',
  'module' => 
  array (
    0 => 'phpmyadmin',
    1 => NULL,
    2 => NULL,
  ),
)
[ info ] [ HEADER ] array (
  'user-agent' => 'Python-urllib/2.6',
  'connection' => 'close',
  'host' => '119.23.233.18:80',
  'accept-encoding' => 'identity',
  'content-type' => '',
  'content-length' => '',
)
[ info ] [ PARAM ] array (
)
[ info ] [ LOG ] INIT File
---------------------------------------------------------------
[ 2018-01-06T15:51:43+08:00 ] 172.18.205.220 140.205.201.46 POST /phpmyadmin/
[ info ] 119.23.233.18:80/phpmyadmin/ [运行时间：0.001858s][吞吐率：538.21req/s] [内存消耗：235.16kb] [文件加载：53]
[ info ] [ BEHAVIOR ] Run Closure @app_init [ RunTime:0.000019s ]
[ info ] [ CACHE ] INIT File
[ info ] [ BEHAVIOR ] Run Closure @app_init [ RunTime:0.000262s ]
[ info ] [ LANG ] /data/demo/thinkphp/lang/zh-cn.php
[ info ] [ ROUTE ] array (
  'type' => 'module',
  'module' => 
  array (
    0 => 'phpmyadmin',
    1 => NULL,
    2 => NULL,
  ),
)
[ info ] [ HEADER ] array (
  'user-agent' => 'Mozilla/4.0 (compatible; MSIE 6.0; Windows NT 5.1;Alibaba.Security.Heimdall.6630586.phpmyadmin_login_weak)',
  'connection' => 'close',
  'content-type' => 'application/x-www-form-urlencoded',
  'host' => '119.23.233.18:80',
  'content-length' => '51',
  'accept-encoding' => 'identity',
)
[ info ] [ PARAM ] array (
  'pma_username' => 'root',
  'pma_password' => '',
  'server' => '1',
  'lang' => 'zh_CN',
)
[ info ] [ LOG ] INIT File
---------------------------------------------------------------
[ 2018-01-06T15:51:43+08:00 ] 172.18.205.220 140.205.201.46 GET /phpmyadmin/
[ info ] 119.23.233.18:80/phpmyadmin/ [运行时间：0.001788s][吞吐率：559.24req/s] [内存消耗：235.09kb] [文件加载：53]
[ info ] [ BEHAVIOR ] Run Closure @app_init [ RunTime:0.000017s ]
[ info ] [ CACHE ] INIT File
[ info ] [ BEHAVIOR ] Run Closure @app_init [ RunTime:0.000252s ]
[ info ] [ LANG ] /data/demo/thinkphp/lang/zh-cn.php
[ info ] [ ROUTE ] array (
  'type' => 'module',
  'module' => 
  array (
    0 => 'phpmyadmin',
    1 => NULL,
    2 => NULL,
  ),
)
[ info ] [ HEADER ] array (
  'user-agent' => 'Python-urllib/2.6',
  'connection' => 'close',
  'host' => '119.23.233.18:80',
  'accept-encoding' => 'identity',
  'content-type' => '',
  'content-length' => '',
)
[ info ] [ PARAM ] array (
)
[ info ] [ LOG ] INIT File
---------------------------------------------------------------
[ 2018-01-06T15:51:43+08:00 ] 172.18.205.220 140.205.201.46 POST /phpmyadmin/
[ info ] 119.23.233.18:80/phpmyadmin/ [运行时间：0.001751s][吞吐率：571.04req/s] [内存消耗：235.16kb] [文件加载：53]
[ info ] [ BEHAVIOR ] Run Closure @app_init [ RunTime:0.000015s ]
[ info ] [ CACHE ] INIT File
[ info ] [ BEHAVIOR ] Run Closure @app_init [ RunTime:0.000229s ]
[ info ] [ LANG ] /data/demo/thinkphp/lang/zh-cn.php
[ info ] [ ROUTE ] array (
  'type' => 'module',
  'module' => 
  array (
    0 => 'phpmyadmin',
    1 => NULL,
    2 => NULL,
  ),
)
[ info ] [ HEADER ] array (
  'user-agent' => 'Mozilla/4.0 (compatible; MSIE 6.0; Windows NT 5.1;Alibaba.Security.Heimdall.6630586.phpmyadmin_login_weak)',
  'connection' => 'close',
  'content-type' => 'application/x-www-form-urlencoded',
  'host' => '119.23.233.18:80',
  'content-length' => '55',
  'accept-encoding' => 'identity',
)
[ info ] [ PARAM ] array (
  'pma_username' => 'root',
  'pma_password' => 'root',
  'server' => '1',
  'lang' => 'zh_CN',
)
[ info ] [ LOG ] INIT File
---------------------------------------------------------------
[ 2018-01-06T15:51:43+08:00 ] 172.18.205.220 140.205.201.46 GET /phpmyadmin/
[ info ] 119.23.233.18:80/phpmyadmin/ [运行时间：0.001742s][吞吐率：574.01req/s] [内存消耗：235.09kb] [文件加载：53]
[ info ] [ BEHAVIOR ] Run Closure @app_init [ RunTime:0.000016s ]
[ info ] [ CACHE ] INIT File
[ info ] [ BEHAVIOR ] Run Closure @app_init [ RunTime:0.000258s ]
[ info ] [ LANG ] /data/demo/thinkphp/lang/zh-cn.php
[ info ] [ ROUTE ] array (
  'type' => 'module',
  'module' => 
  array (
    0 => 'phpmyadmin',
    1 => NULL,
    2 => NULL,
  ),
)
[ info ] [ HEADER ] array (
  'user-agent' => 'Python-urllib/2.6',
  'connection' => 'close',
  'host' => '119.23.233.18:80',
  'accept-encoding' => 'identity',
  'content-type' => '',
  'content-length' => '',
)
[ info ] [ PARAM ] array (
)
[ info ] [ LOG ] INIT File
---------------------------------------------------------------
[ 2018-01-06T15:51:43+08:00 ] 172.18.205.220 140.205.201.46 POST /phpmyadmin/
[ info ] 119.23.233.18:80/phpmyadmin/ [运行时间：0.001926s][吞吐率：519.23req/s] [内存消耗：235.18kb] [文件加载：53]
[ info ] [ BEHAVIOR ] Run Closure @app_init [ RunTime:0.000018s ]
[ info ] [ CACHE ] INIT File
[ info ] [ BEHAVIOR ] Run Closure @app_init [ RunTime:0.000269s ]
[ info ] [ LANG ] /data/demo/thinkphp/lang/zh-cn.php
[ info ] [ ROUTE ] array (
  'type' => 'module',
  'module' => 
  array (
    0 => 'phpmyadmin',
    1 => NULL,
    2 => NULL,
  ),
)
[ info ] [ HEADER ] array (
  'user-agent' => 'Mozilla/4.0 (compatible; MSIE 6.0; Windows NT 5.1;Alibaba.Security.Heimdall.6630586.phpmyadmin_login_weak)',
  'connection' => 'close',
  'content-type' => 'application/x-www-form-urlencoded',
  'host' => '119.23.233.18:80',
  'content-length' => '56',
  'accept-encoding' => 'identity',
)
[ info ] [ PARAM ] array (
  'pma_username' => 'root',
  'pma_password' => '12345',
  'server' => '1',
  'lang' => 'zh_CN',
)
[ info ] [ LOG ] INIT File
---------------------------------------------------------------
[ 2018-01-06T15:51:43+08:00 ] 172.18.205.220 140.205.201.46 GET /phpmyadmin/
[ info ] 119.23.233.18:80/phpmyadmin/ [运行时间：0.001478s][吞吐率：676.61req/s] [内存消耗：235.09kb] [文件加载：53]
[ info ] [ BEHAVIOR ] Run Closure @app_init [ RunTime:0.000015s ]
[ info ] [ CACHE ] INIT File
[ info ] [ BEHAVIOR ] Run Closure @app_init [ RunTime:0.000223s ]
[ info ] [ LANG ] /data/demo/thinkphp/lang/zh-cn.php
[ info ] [ ROUTE ] array (
  'type' => 'module',
  'module' => 
  array (
    0 => 'phpmyadmin',
    1 => NULL,
    2 => NULL,
  ),
)
[ info ] [ HEADER ] array (
  'user-agent' => 'Python-urllib/2.6',
  'connection' => 'close',
  'host' => '119.23.233.18:80',
  'accept-encoding' => 'identity',
  'content-type' => '',
  'content-length' => '',
)
[ info ] [ PARAM ] array (
)
[ info ] [ LOG ] INIT File
---------------------------------------------------------------
[ 2018-01-06T15:51:43+08:00 ] 172.18.205.220 140.205.201.46 POST /phpmyadmin/
[ info ] 119.23.233.18:80/phpmyadmin/ [运行时间：0.001970s][吞吐率：507.60req/s] [内存消耗：235.18kb] [文件加载：53]
[ info ] [ BEHAVIOR ] Run Closure @app_init [ RunTime:0.000024s ]
[ info ] [ CACHE ] INIT File
[ info ] [ BEHAVIOR ] Run Closure @app_init [ RunTime:0.000324s ]
[ info ] [ LANG ] /data/demo/thinkphp/lang/zh-cn.php
[ info ] [ ROUTE ] array (
  'type' => 'module',
  'module' => 
  array (
    0 => 'phpmyadmin',
    1 => NULL,
    2 => NULL,
  ),
)
[ info ] [ HEADER ] array (
  'user-agent' => 'Mozilla/4.0 (compatible; MSIE 6.0; Windows NT 5.1;Alibaba.Security.Heimdall.6630586.phpmyadmin_login_weak)',
  'connection' => 'close',
  'content-type' => 'application/x-www-form-urlencoded',
  'host' => '119.23.233.18:80',
  'content-length' => '57',
  'accept-encoding' => 'identity',
)
[ info ] [ PARAM ] array (
  'pma_username' => 'root',
  'pma_password' => '123456',
  'server' => '1',
  'lang' => 'zh_CN',
)
[ info ] [ LOG ] INIT File
---------------------------------------------------------------
[ 2018-01-06T15:51:43+08:00 ] 172.18.205.220 140.205.201.46 GET /phpmyadmin/
[ info ] 119.23.233.18:80/phpmyadmin/ [运行时间：0.001529s][吞吐率：654.03req/s] [内存消耗：235.09kb] [文件加载：53]
[ info ] [ BEHAVIOR ] Run Closure @app_init [ RunTime:0.000017s ]
[ info ] [ CACHE ] INIT File
[ info ] [ BEHAVIOR ] Run Closure @app_init [ RunTime:0.000244s ]
[ info ] [ LANG ] /data/demo/thinkphp/lang/zh-cn.php
[ info ] [ ROUTE ] array (
  'type' => 'module',
  'module' => 
  array (
    0 => 'phpmyadmin',
    1 => NULL,
    2 => NULL,
  ),
)
[ info ] [ HEADER ] array (
  'user-agent' => 'Python-urllib/2.6',
  'connection' => 'close',
  'host' => '119.23.233.18:80',
  'accept-encoding' => 'identity',
  'content-type' => '',
  'content-length' => '',
)
[ info ] [ PARAM ] array (
)
[ info ] [ LOG ] INIT File
---------------------------------------------------------------
[ 2018-01-06T15:51:43+08:00 ] 172.18.205.220 140.205.201.46 POST /phpmyadmin/
[ info ] 119.23.233.18:80/phpmyadmin/ [运行时间：0.001854s][吞吐率：539.39req/s] [内存消耗：235.18kb] [文件加载：53]
[ info ] [ BEHAVIOR ] Run Closure @app_init [ RunTime:0.000017s ]
[ info ] [ CACHE ] INIT File
[ info ] [ BEHAVIOR ] Run Closure @app_init [ RunTime:0.000358s ]
[ info ] [ LANG ] /data/demo/thinkphp/lang/zh-cn.php
[ info ] [ ROUTE ] array (
  'type' => 'module',
  'module' => 
  array (
    0 => 'phpmyadmin',
    1 => NULL,
    2 => NULL,
  ),
)
[ info ] [ HEADER ] array (
  'user-agent' => 'Mozilla/4.0 (compatible; MSIE 6.0; Windows NT 5.1;Alibaba.Security.Heimdall.6630586.phpmyadmin_login_weak)',
  'connection' => 'close',
  'content-type' => 'application/x-www-form-urlencoded',
  'host' => '119.23.233.18:80',
  'content-length' => '58',
  'accept-encoding' => 'identity',
)
[ info ] [ PARAM ] array (
  'pma_username' => 'root',
  'pma_password' => 'test123',
  'server' => '1',
  'lang' => 'zh_CN',
)
[ info ] [ LOG ] INIT File
---------------------------------------------------------------
[ 2018-01-06T15:51:43+08:00 ] 172.18.205.220 140.205.201.46 GET /phpmyadmin/
[ info ] 119.23.233.18:80/phpmyadmin/ [运行时间：0.001570s][吞吐率：636.95req/s] [内存消耗：235.09kb] [文件加载：53]
[ info ] [ BEHAVIOR ] Run Closure @app_init [ RunTime:0.000017s ]
[ info ] [ CACHE ] INIT File
[ info ] [ BEHAVIOR ] Run Closure @app_init [ RunTime:0.000226s ]
[ info ] [ LANG ] /data/demo/thinkphp/lang/zh-cn.php
[ info ] [ ROUTE ] array (
  'type' => 'module',
  'module' => 
  array (
    0 => 'phpmyadmin',
    1 => NULL,
    2 => NULL,
  ),
)
[ info ] [ HEADER ] array (
  'user-agent' => 'Python-urllib/2.6',
  'connection' => 'close',
  'host' => '119.23.233.18:80',
  'accept-encoding' => 'identity',
  'content-type' => '',
  'content-length' => '',
)
[ info ] [ PARAM ] array (
)
[ info ] [ LOG ] INIT File
---------------------------------------------------------------
[ 2018-01-06T15:51:43+08:00 ] 172.18.205.220 140.205.201.46 POST /phpmyadmin/
[ info ] 119.23.233.18:80/phpmyadmin/ [运行时间：0.001658s][吞吐率：603.15req/s] [内存消耗：235.16kb] [文件加载：53]
[ info ] [ BEHAVIOR ] Run Closure @app_init [ RunTime:0.000019s ]
[ info ] [ CACHE ] INIT File
[ info ] [ BEHAVIOR ] Run Closure @app_init [ RunTime:0.000258s ]
[ info ] [ LANG ] /data/demo/thinkphp/lang/zh-cn.php
[ info ] [ ROUTE ] array (
  'type' => 'module',
  'module' => 
  array (
    0 => 'phpmyadmin',
    1 => NULL,
    2 => NULL,
  ),
)
[ info ] [ HEADER ] array (
  'user-agent' => 'Mozilla/4.0 (compatible; MSIE 6.0; Windows NT 5.1;Alibaba.Security.Heimdall.6630586.phpmyadmin_login_weak)',
  'connection' => 'close',
  'content-type' => 'application/x-www-form-urlencoded',
  'host' => '119.23.233.18:80',
  'content-length' => '51',
  'accept-encoding' => 'identity',
)
[ info ] [ PARAM ] array (
  'pma_username' => 'test',
  'pma_password' => '',
  'server' => '1',
  'lang' => 'zh_CN',
)
[ info ] [ LOG ] INIT File
---------------------------------------------------------------
[ 2018-01-06T15:51:43+08:00 ] 172.18.205.220 140.205.201.46 GET /phpmyadmin/
[ info ] 119.23.233.18:80/phpmyadmin/ [运行时间：0.001532s][吞吐率：652.71req/s] [内存消耗：235.09kb] [文件加载：53]
[ info ] [ BEHAVIOR ] Run Closure @app_init [ RunTime:0.000016s ]
[ info ] [ CACHE ] INIT File
[ info ] [ BEHAVIOR ] Run Closure @app_init [ RunTime:0.000225s ]
[ info ] [ LANG ] /data/demo/thinkphp/lang/zh-cn.php
[ info ] [ ROUTE ] array (
  'type' => 'module',
  'module' => 
  array (
    0 => 'phpmyadmin',
    1 => NULL,
    2 => NULL,
  ),
)
[ info ] [ HEADER ] array (
  'user-agent' => 'Python-urllib/2.6',
  'connection' => 'close',
  'host' => '119.23.233.18:80',
  'accept-encoding' => 'identity',
  'content-type' => '',
  'content-length' => '',
)
[ info ] [ PARAM ] array (
)
[ info ] [ LOG ] INIT File
---------------------------------------------------------------
[ 2018-01-06T15:51:44+08:00 ] 172.18.205.220 140.205.201.46 POST /phpmyadmin/
[ info ] 119.23.233.18:80/phpmyadmin/ [运行时间：0.001701s][吞吐率：587.93req/s] [内存消耗：235.16kb] [文件加载：53]
[ info ] [ BEHAVIOR ] Run Closure @app_init [ RunTime:0.000019s ]
[ info ] [ CACHE ] INIT File
[ info ] [ BEHAVIOR ] Run Closure @app_init [ RunTime:0.000253s ]
[ info ] [ LANG ] /data/demo/thinkphp/lang/zh-cn.php
[ info ] [ ROUTE ] array (
  'type' => 'module',
  'module' => 
  array (
    0 => 'phpmyadmin',
    1 => NULL,
    2 => NULL,
  ),
)
[ info ] [ HEADER ] array (
  'user-agent' => 'Mozilla/4.0 (compatible; MSIE 6.0; Windows NT 5.1;Alibaba.Security.Heimdall.6630586.phpmyadmin_login_weak)',
  'connection' => 'close',
  'content-type' => 'application/x-www-form-urlencoded',
  'host' => '119.23.233.18:80',
  'content-length' => '55',
  'accept-encoding' => 'identity',
)
[ info ] [ PARAM ] array (
  'pma_username' => 'test',
  'pma_password' => 'root',
  'server' => '1',
  'lang' => 'zh_CN',
)
[ info ] [ LOG ] INIT File
---------------------------------------------------------------
[ 2018-01-06T15:51:44+08:00 ] 172.18.205.220 140.205.201.46 GET /phpmyadmin/
[ info ] 119.23.233.18:80/phpmyadmin/ [运行时间：0.001661s][吞吐率：602.11req/s] [内存消耗：235.09kb] [文件加载：53]
[ info ] [ BEHAVIOR ] Run Closure @app_init [ RunTime:0.000018s ]
[ info ] [ CACHE ] INIT File
[ info ] [ BEHAVIOR ] Run Closure @app_init [ RunTime:0.000241s ]
[ info ] [ LANG ] /data/demo/thinkphp/lang/zh-cn.php
[ info ] [ ROUTE ] array (
  'type' => 'module',
  'module' => 
  array (
    0 => 'phpmyadmin',
    1 => NULL,
    2 => NULL,
  ),
)
[ info ] [ HEADER ] array (
  'user-agent' => 'Python-urllib/2.6',
  'connection' => 'close',
  'host' => '119.23.233.18:80',
  'accept-encoding' => 'identity',
  'content-type' => '',
  'content-length' => '',
)
[ info ] [ PARAM ] array (
)
[ info ] [ LOG ] INIT File
---------------------------------------------------------------
[ 2018-01-06T15:51:44+08:00 ] 172.18.205.220 140.205.201.46 POST /phpmyadmin/
[ info ] 119.23.233.18:80/phpmyadmin/ [运行时间：0.001643s][吞吐率：608.66req/s] [内存消耗：235.18kb] [文件加载：53]
[ info ] [ BEHAVIOR ] Run Closure @app_init [ RunTime:0.000019s ]
[ info ] [ CACHE ] INIT File
[ info ] [ BEHAVIOR ] Run Closure @app_init [ RunTime:0.000254s ]
[ info ] [ LANG ] /data/demo/thinkphp/lang/zh-cn.php
[ info ] [ ROUTE ] array (
  'type' => 'module',
  'module' => 
  array (
    0 => 'phpmyadmin',
    1 => NULL,
    2 => NULL,
  ),
)
[ info ] [ HEADER ] array (
  'user-agent' => 'Mozilla/4.0 (compatible; MSIE 6.0; Windows NT 5.1;Alibaba.Security.Heimdall.6630586.phpmyadmin_login_weak)',
  'connection' => 'close',
  'content-type' => 'application/x-www-form-urlencoded',
  'host' => '119.23.233.18:80',
  'content-length' => '56',
  'accept-encoding' => 'identity',
)
[ info ] [ PARAM ] array (
  'pma_username' => 'test',
  'pma_password' => '12345',
  'server' => '1',
  'lang' => 'zh_CN',
)
[ info ] [ LOG ] INIT File
---------------------------------------------------------------
[ 2018-01-06T15:51:44+08:00 ] 172.18.205.220 140.205.201.46 GET /phpmyadmin/
[ info ] 119.23.233.18:80/phpmyadmin/ [运行时间：0.001645s][吞吐率：607.96req/s] [内存消耗：235.09kb] [文件加载：53]
[ info ] [ BEHAVIOR ] Run Closure @app_init [ RunTime:0.000023s ]
[ info ] [ CACHE ] INIT File
[ info ] [ BEHAVIOR ] Run Closure @app_init [ RunTime:0.000231s ]
[ info ] [ LANG ] /data/demo/thinkphp/lang/zh-cn.php
[ info ] [ ROUTE ] array (
  'type' => 'module',
  'module' => 
  array (
    0 => 'phpmyadmin',
    1 => NULL,
    2 => NULL,
  ),
)
[ info ] [ HEADER ] array (
  'user-agent' => 'Python-urllib/2.6',
  'connection' => 'close',
  'host' => '119.23.233.18:80',
  'accept-encoding' => 'identity',
  'content-type' => '',
  'content-length' => '',
)
[ info ] [ PARAM ] array (
)
[ info ] [ LOG ] INIT File
---------------------------------------------------------------
[ 2018-01-06T15:51:44+08:00 ] 172.18.205.220 140.205.201.46 POST /phpmyadmin/
[ info ] 119.23.233.18:80/phpmyadmin/ [运行时间：0.001711s][吞吐率：584.49req/s] [内存消耗：235.18kb] [文件加载：53]
[ info ] [ BEHAVIOR ] Run Closure @app_init [ RunTime:0.000019s ]
[ info ] [ CACHE ] INIT File
[ info ] [ BEHAVIOR ] Run Closure @app_init [ RunTime:0.000238s ]
[ info ] [ LANG ] /data/demo/thinkphp/lang/zh-cn.php
[ info ] [ ROUTE ] array (
  'type' => 'module',
  'module' => 
  array (
    0 => 'phpmyadmin',
    1 => NULL,
    2 => NULL,
  ),
)
[ info ] [ HEADER ] array (
  'user-agent' => 'Mozilla/4.0 (compatible; MSIE 6.0; Windows NT 5.1;Alibaba.Security.Heimdall.6630586.phpmyadmin_login_weak)',
  'connection' => 'close',
  'content-type' => 'application/x-www-form-urlencoded',
  'host' => '119.23.233.18:80',
  'content-length' => '57',
  'accept-encoding' => 'identity',
)
[ info ] [ PARAM ] array (
  'pma_username' => 'test',
  'pma_password' => '123456',
  'server' => '1',
  'lang' => 'zh_CN',
)
[ info ] [ LOG ] INIT File
---------------------------------------------------------------
[ 2018-01-06T15:51:44+08:00 ] 172.18.205.220 140.205.201.46 GET /phpmyadmin/
[ info ] 119.23.233.18:80/phpmyadmin/ [运行时间：0.001618s][吞吐率：618.08req/s] [内存消耗：235.09kb] [文件加载：53]
[ info ] [ BEHAVIOR ] Run Closure @app_init [ RunTime:0.000017s ]
[ info ] [ CACHE ] INIT File
[ info ] [ BEHAVIOR ] Run Closure @app_init [ RunTime:0.000241s ]
[ info ] [ LANG ] /data/demo/thinkphp/lang/zh-cn.php
[ info ] [ ROUTE ] array (
  'type' => 'module',
  'module' => 
  array (
    0 => 'phpmyadmin',
    1 => NULL,
    2 => NULL,
  ),
)
[ info ] [ HEADER ] array (
  'user-agent' => 'Python-urllib/2.6',
  'connection' => 'close',
  'host' => '119.23.233.18:80',
  'accept-encoding' => 'identity',
  'content-type' => '',
  'content-length' => '',
)
[ info ] [ PARAM ] array (
)
[ info ] [ LOG ] INIT File
---------------------------------------------------------------
[ 2018-01-06T15:51:44+08:00 ] 172.18.205.220 140.205.201.46 POST /phpmyadmin/
[ info ] 119.23.233.18:80/phpmyadmin/ [运行时间：0.001665s][吞吐率：600.56req/s] [内存消耗：235.18kb] [文件加载：53]
[ info ] [ BEHAVIOR ] Run Closure @app_init [ RunTime:0.000018s ]
[ info ] [ CACHE ] INIT File
[ info ] [ BEHAVIOR ] Run Closure @app_init [ RunTime:0.000247s ]
[ info ] [ LANG ] /data/demo/thinkphp/lang/zh-cn.php
[ info ] [ ROUTE ] array (
  'type' => 'module',
  'module' => 
  array (
    0 => 'phpmyadmin',
    1 => NULL,
    2 => NULL,
  ),
)
[ info ] [ HEADER ] array (
  'user-agent' => 'Mozilla/4.0 (compatible; MSIE 6.0; Windows NT 5.1;Alibaba.Security.Heimdall.6630586.phpmyadmin_login_weak)',
  'connection' => 'close',
  'content-type' => 'application/x-www-form-urlencoded',
  'host' => '119.23.233.18:80',
  'content-length' => '58',
  'accept-encoding' => 'identity',
)
[ info ] [ PARAM ] array (
  'pma_username' => 'test',
  'pma_password' => 'test123',
  'server' => '1',
  'lang' => 'zh_CN',
)
[ info ] [ LOG ] INIT File
---------------------------------------------------------------
[ 2018-01-06T15:55:50+08:00 ] 172.18.205.220 101.199.108.51 GET /index/show
[ info ] 119.23.233.18/index/show [运行时间：0.002747s][吞吐率：364.03req/s] [内存消耗：349.95kb] [文件加载：63]
[ info ] [ BEHAVIOR ] Run Closure @app_init [ RunTime:0.000017s ]
[ info ] [ CACHE ] INIT File
[ info ] [ BEHAVIOR ] Run Closure @app_init [ RunTime:0.000267s ]
[ info ] [ LANG ] /data/demo/thinkphp/lang/zh-cn.php
[ info ] [ ROUTE ] array (
  'type' => 'module',
  'module' => 
  array (
    0 => 'index',
    1 => 'show',
    2 => NULL,
  ),
)
[ info ] [ HEADER ] array (
  'accept-charset' => 'iso-8859-1,*,utf-8',
  'accept-encoding' => 'gzip,deflate',
  'accept' => 'text/html,application/xhtml+xml,application/xml;q=0.9,*/*;q=0.8',
  'user-agent' => 'Mozilla/5.0 (Windows NT 6.1) AppleWebKit/537.36 (KHTML, like Gecko) Chrome/36.0.1985.125 Safari/537.36',
  'accept-language' => 'zh-CN,zh;q=0.8',
  'connection' => 'keep-alive',
  'host' => '119.23.233.18',
  'content-type' => '',
  'content-length' => '',
)
[ info ] [ PARAM ] array (
)
[ info ] [ LANG ] /data/demo/public/../application/index/lang/zh-cn.php
[ info ] [ BEHAVIOR ] Run app\common\behavior\Common @module_init [ RunTime:0.000057s ]
[ info ] [ RUN ] app\index\controller\Show->index[ /data/demo/application/index/controller/Show.php ]
[ info ] [ VIEW ] /data/demo/public/../application/index/view/show/index.html [ array (
  0 => 'site',
  1 => 'config',
) ]
[ info ] [ LOG ] INIT File
---------------------------------------------------------------
[ 2018-01-06T15:56:02+08:00 ] 172.18.205.220 101.199.108.51 GET /heizi/css/tt7.woff
[ info ] 119.23.233.18/heizi/css/tt7.woff [运行时间：0.001949s][吞吐率：513.06req/s] [内存消耗：227.23kb] [文件加载：52]
[ info ] [ BEHAVIOR ] Run Closure @app_init [ RunTime:0.000018s ]
[ info ] [ CACHE ] INIT File
[ info ] [ BEHAVIOR ] Run Closure @app_init [ RunTime:0.000258s ]
[ info ] [ ROUTE ] array (
  'type' => 'module',
  'module' => 
  array (
    0 => 'heizi',
    1 => 'css',
    2 => 'tt7.woff',
  ),
)
[ info ] [ HEADER ] array (
  'accept-charset' => 'iso-8859-1,*,utf-8',
  'accept-language' => 'en-us,en',
  'accept-encoding' => 'gzip,deflate',
  'referer' => 'http://119.23.233.18/index/show',
  'accept' => '*/*',
  'user-agent' => 'Mozilla/5.0 (Windows NT 6.1) AppleWebKit/537.36 (KHTML, like Gecko) Chrome/36.0.1985.125 Safari/537.36',
  'connection' => 'keep-alive',
  'host' => '119.23.233.18',
  'content-type' => '',
  'content-length' => '',
)
[ info ] [ PARAM ] array (
)
[ info ] [ LOG ] INIT File
---------------------------------------------------------------
[ 2018-01-06T15:58:35+08:00 ] 172.18.205.220 140.205.201.46 GET /rs-status
[ info ] 119.23.233.18:80/rs-status [运行时间：0.001731s][吞吐率：577.73req/s] [内存消耗：235.20kb] [文件加载：53]
[ info ] [ BEHAVIOR ] Run Closure @app_init [ RunTime:0.000018s ]
[ info ] [ CACHE ] INIT File
[ info ] [ BEHAVIOR ] Run Closure @app_init [ RunTime:0.000256s ]
[ info ] [ LANG ] /data/demo/thinkphp/lang/zh-cn.php
[ info ] [ ROUTE ] array (
  'type' => 'module',
  'module' => 
  array (
    0 => 'rs-status',
    1 => NULL,
    2 => NULL,
  ),
)
[ info ] [ HEADER ] array (
  'connection' => 'keep-alive',
  'accept' => '*/*',
  'host' => '119.23.233.18:80',
  'user-agent' => 'Mozilla/4.0 (compatible; MSIE 6.0; Windows NT 5.1;Alibaba.Security.Heimdall.6630586)',
  'referer' => 'http://119.23.233.18/',
  'content-type' => '',
  'content-length' => '',
)
[ info ] [ PARAM ] array (
)
[ info ] [ LOG ] INIT File
